[2025-12-04 01:16:36] Starting Grimoire launcher
Requirement already satisfied: pip in ./backend/venv/lib/python3.13/site-packages (25.3)
Requirement already satisfied: fastapi<1.0.0,>=0.104.0 in ./backend/venv/lib/python3.13/site-packages (from -r /Users/yousafzahir/Documents/GitHub/Grimoire/backend/requirements.txt (line 1)) (0.123.5)
Requirement already satisfied: uvicorn<1.0.0,>=0.24.0 in ./backend/venv/lib/python3.13/site-packages (from uvicorn[standard]<1.0.0,>=0.24.0->-r /Users/yousafzahir/Documents/GitHub/Grimoire/backend/requirements.txt (line 2)) (0.38.0)
Requirement already satisfied: sentence-transformers<3.0.0,>=2.2.2 in ./backend/venv/lib/python3.13/site-packages (from -r /Users/yousafzahir/Documents/GitHub/Grimoire/backend/requirements.txt (line 3)) (2.7.0)
Requirement already satisfied: faiss-cpu<2.0.0,>=1.13.0 in ./backend/venv/lib/python3.13/site-packages (from -r /Users/yousafzahir/Documents/GitHub/Grimoire/backend/requirements.txt (line 4)) (1.13.0)
Requirement already satisfied: numpy<2.0.0,>=1.24.0 in ./backend/venv/lib/python3.13/site-packages (from -r /Users/yousafzahir/Documents/GitHub/Grimoire/backend/requirements.txt (line 5)) (1.26.4)
Requirement already satisfied: pydantic<3.0.0,>=2.5.0 in ./backend/venv/lib/python3.13/site-packages (from -r /Users/yousafzahir/Documents/GitHub/Grimoire/backend/requirements.txt (line 6)) (2.12.5)
Requirement already satisfied: python-multipart<1.0.0,>=0.0.6 in ./backend/venv/lib/python3.13/site-packages (from -r /Users/yousafzahir/Documents/GitHub/Grimoire/backend/requirements.txt (line 7)) (0.0.20)
Requirement already satisfied: starlette<0.51.0,>=0.40.0 in ./backend/venv/lib/python3.13/site-packages (from fastapi<1.0.0,>=0.104.0->-r /Users/yousafzahir/Documents/GitHub/Grimoire/backend/requirements.txt (line 1)) (0.50.0)
Requirement already satisfied: typing-extensions>=4.8.0 in ./backend/venv/lib/python3.13/site-packages (from fastapi<1.0.0,>=0.104.0->-r /Users/yousafzahir/Documents/GitHub/Grimoire/backend/requirements.txt (line 1)) (4.15.0)
Requirement already satisfied: annotated-doc>=0.0.2 in ./backend/venv/lib/python3.13/site-packages (from fastapi<1.0.0,>=0.104.0->-r /Users/yousafzahir/Documents/GitHub/Grimoire/backend/requirements.txt (line 1)) (0.0.4)
Requirement already satisfied: click>=7.0 in ./backend/venv/lib/python3.13/site-packages (from uvicorn<1.0.0,>=0.24.0->uvicorn[standard]<1.0.0,>=0.24.0->-r /Users/yousafzahir/Documents/GitHub/Grimoire/backend/requirements.txt (line 2)) (8.3.1)
Requirement already satisfied: h11>=0.8 in ./backend/venv/lib/python3.13/site-packages (from uvicorn<1.0.0,>=0.24.0->uvicorn[standard]<1.0.0,>=0.24.0->-r /Users/yousafzahir/Documents/GitHub/Grimoire/backend/requirements.txt (line 2)) (0.16.0)
Requirement already satisfied: transformers<5.0.0,>=4.34.0 in ./backend/venv/lib/python3.13/site-packages (from sentence-transformers<3.0.0,>=2.2.2->-r /Users/yousafzahir/Documents/GitHub/Grimoire/backend/requirements.txt (line 3)) (4.57.3)
Requirement already satisfied: tqdm in ./backend/venv/lib/python3.13/site-packages (from sentence-transformers<3.0.0,>=2.2.2->-r /Users/yousafzahir/Documents/GitHub/Grimoire/backend/requirements.txt (line 3)) (4.67.1)
Requirement already satisfied: torch>=1.11.0 in ./backend/venv/lib/python3.13/site-packages (from sentence-transformers<3.0.0,>=2.2.2->-r /Users/yousafzahir/Documents/GitHub/Grimoire/backend/requirements.txt (line 3)) (2.9.1)
Requirement already satisfied: scikit-learn in ./backend/venv/lib/python3.13/site-packages (from sentence-transformers<3.0.0,>=2.2.2->-r /Users/yousafzahir/Documents/GitHub/Grimoire/backend/requirements.txt (line 3)) (1.7.2)
Requirement already satisfied: scipy in ./backend/venv/lib/python3.13/site-packages (from sentence-transformers<3.0.0,>=2.2.2->-r /Users/yousafzahir/Documents/GitHub/Grimoire/backend/requirements.txt (line 3)) (1.16.3)
Requirement already satisfied: huggingface-hub>=0.15.1 in ./backend/venv/lib/python3.13/site-packages (from sentence-transformers<3.0.0,>=2.2.2->-r /Users/yousafzahir/Documents/GitHub/Grimoire/backend/requirements.txt (line 3)) (0.36.0)
Requirement already satisfied: Pillow in ./backend/venv/lib/python3.13/site-packages (from sentence-transformers<3.0.0,>=2.2.2->-r /Users/yousafzahir/Documents/GitHub/Grimoire/backend/requirements.txt (line 3)) (12.0.0)
Requirement already satisfied: packaging in ./backend/venv/lib/python3.13/site-packages (from faiss-cpu<2.0.0,>=1.13.0->-r /Users/yousafzahir/Documents/GitHub/Grimoire/backend/requirements.txt (line 4)) (25.0)
Requirement already satisfied: annotated-types>=0.6.0 in ./backend/venv/lib/python3.13/site-packages (from pydantic<3.0.0,>=2.5.0->-r /Users/yousafzahir/Documents/GitHub/Grimoire/backend/requirements.txt (line 6)) (0.7.0)
Requirement already satisfied: pydantic-core==2.41.5 in ./backend/venv/lib/python3.13/site-packages (from pydantic<3.0.0,>=2.5.0->-r /Users/yousafzahir/Documents/GitHub/Grimoire/backend/requirements.txt (line 6)) (2.41.5)
Requirement already satisfied: typing-inspection>=0.4.2 in ./backend/venv/lib/python3.13/site-packages (from pydantic<3.0.0,>=2.5.0->-r /Users/yousafzahir/Documents/GitHub/Grimoire/backend/requirements.txt (line 6)) (0.4.2)
Requirement already satisfied: anyio<5,>=3.6.2 in ./backend/venv/lib/python3.13/site-packages (from starlette<0.51.0,>=0.40.0->fastapi<1.0.0,>=0.104.0->-r /Users/yousafzahir/Documents/GitHub/Grimoire/backend/requirements.txt (line 1)) (4.12.0)
Requirement already satisfied: idna>=2.8 in ./backend/venv/lib/python3.13/site-packages (from anyio<5,>=3.6.2->starlette<0.51.0,>=0.40.0->fastapi<1.0.0,>=0.104.0->-r /Users/yousafzahir/Documents/GitHub/Grimoire/backend/requirements.txt (line 1)) (3.11)
Requirement already satisfied: filelock in ./backend/venv/lib/python3.13/site-packages (from transformers<5.0.0,>=4.34.0->sentence-transformers<3.0.0,>=2.2.2->-r /Users/yousafzahir/Documents/GitHub/Grimoire/backend/requirements.txt (line 3)) (3.20.0)
Requirement already satisfied: pyyaml>=5.1 in ./backend/venv/lib/python3.13/site-packages (from transformers<5.0.0,>=4.34.0->sentence-transformers<3.0.0,>=2.2.2->-r /Users/yousafzahir/Documents/GitHub/Grimoire/backend/requirements.txt (line 3)) (6.0.3)
Requirement already satisfied: regex!=2019.12.17 in ./backend/venv/lib/python3.13/site-packages (from transformers<5.0.0,>=4.34.0->sentence-transformers<3.0.0,>=2.2.2->-r /Users/yousafzahir/Documents/GitHub/Grimoire/backend/requirements.txt (line 3)) (2025.11.3)
Requirement already satisfied: requests in ./backend/venv/lib/python3.13/site-packages (from transformers<5.0.0,>=4.34.0->sentence-transformers<3.0.0,>=2.2.2->-r /Users/yousafzahir/Documents/GitHub/Grimoire/backend/requirements.txt (line 3)) (2.32.5)
Requirement already satisfied: tokenizers<=0.23.0,>=0.22.0 in ./backend/venv/lib/python3.13/site-packages (from transformers<5.0.0,>=4.34.0->sentence-transformers<3.0.0,>=2.2.2->-r /Users/yousafzahir/Documents/GitHub/Grimoire/backend/requirements.txt (line 3)) (0.22.1)
Requirement already satisfied: safetensors>=0.4.3 in ./backend/venv/lib/python3.13/site-packages (from transformers<5.0.0,>=4.34.0->sentence-transformers<3.0.0,>=2.2.2->-r /Users/yousafzahir/Documents/GitHub/Grimoire/backend/requirements.txt (line 3)) (0.7.0)
Requirement already satisfied: fsspec>=2023.5.0 in ./backend/venv/lib/python3.13/site-packages (from huggingface-hub>=0.15.1->sentence-transformers<3.0.0,>=2.2.2->-r /Users/yousafzahir/Documents/GitHub/Grimoire/backend/requirements.txt (line 3)) (2025.12.0)
Requirement already satisfied: hf-xet<2.0.0,>=1.1.3 in ./backend/venv/lib/python3.13/site-packages (from huggingface-hub>=0.15.1->sentence-transformers<3.0.0,>=2.2.2->-r /Users/yousafzahir/Documents/GitHub/Grimoire/backend/requirements.txt (line 3)) (1.2.0)
Requirement already satisfied: httptools>=0.6.3 in ./backend/venv/lib/python3.13/site-packages (from uvicorn[standard]<1.0.0,>=0.24.0->-r /Users/yousafzahir/Documents/GitHub/Grimoire/backend/requirements.txt (line 2)) (0.7.1)
Requirement already satisfied: python-dotenv>=0.13 in ./backend/venv/lib/python3.13/site-packages (from uvicorn[standard]<1.0.0,>=0.24.0->-r /Users/yousafzahir/Documents/GitHub/Grimoire/backend/requirements.txt (line 2)) (1.2.1)
Requirement already satisfied: uvloop>=0.15.1 in ./backend/venv/lib/python3.13/site-packages (from uvicorn[standard]<1.0.0,>=0.24.0->-r /Users/yousafzahir/Documents/GitHub/Grimoire/backend/requirements.txt (line 2)) (0.22.1)
Requirement already satisfied: watchfiles>=0.13 in ./backend/venv/lib/python3.13/site-packages (from uvicorn[standard]<1.0.0,>=0.24.0->-r /Users/yousafzahir/Documents/GitHub/Grimoire/backend/requirements.txt (line 2)) (1.1.1)
Requirement already satisfied: websockets>=10.4 in ./backend/venv/lib/python3.13/site-packages (from uvicorn[standard]<1.0.0,>=0.24.0->-r /Users/yousafzahir/Documents/GitHub/Grimoire/backend/requirements.txt (line 2)) (15.0.1)
Requirement already satisfied: setuptools in ./backend/venv/lib/python3.13/site-packages (from torch>=1.11.0->sentence-transformers<3.0.0,>=2.2.2->-r /Users/yousafzahir/Documents/GitHub/Grimoire/backend/requirements.txt (line 3)) (80.9.0)
Requirement already satisfied: sympy>=1.13.3 in ./backend/venv/lib/python3.13/site-packages (from torch>=1.11.0->sentence-transformers<3.0.0,>=2.2.2->-r /Users/yousafzahir/Documents/GitHub/Grimoire/backend/requirements.txt (line 3)) (1.14.0)
Requirement already satisfied: networkx>=2.5.1 in ./backend/venv/lib/python3.13/site-packages (from torch>=1.11.0->sentence-transformers<3.0.0,>=2.2.2->-r /Users/yousafzahir/Documents/GitHub/Grimoire/backend/requirements.txt (line 3)) (3.6)
Requirement already satisfied: jinja2 in ./backend/venv/lib/python3.13/site-packages (from torch>=1.11.0->sentence-transformers<3.0.0,>=2.2.2->-r /Users/yousafzahir/Documents/GitHub/Grimoire/backend/requirements.txt (line 3)) (3.1.6)
Requirement already satisfied: mpmath<1.4,>=1.1.0 in ./backend/venv/lib/python3.13/site-packages (from sympy>=1.13.3->torch>=1.11.0->sentence-transformers<3.0.0,>=2.2.2->-r /Users/yousafzahir/Documents/GitHub/Grimoire/backend/requirements.txt (line 3)) (1.3.0)
Requirement already satisfied: MarkupSafe>=2.0 in ./backend/venv/lib/python3.13/site-packages (from jinja2->torch>=1.11.0->sentence-transformers<3.0.0,>=2.2.2->-r /Users/yousafzahir/Documents/GitHub/Grimoire/backend/requirements.txt (line 3)) (3.0.3)
Requirement already satisfied: charset_normalizer<4,>=2 in ./backend/venv/lib/python3.13/site-packages (from requests->transformers<5.0.0,>=4.34.0->sentence-transformers<3.0.0,>=2.2.2->-r /Users/yousafzahir/Documents/GitHub/Grimoire/backend/requirements.txt (line 3)) (3.4.4)
Requirement already satisfied: urllib3<3,>=1.21.1 in ./backend/venv/lib/python3.13/site-packages (from requests->transformers<5.0.0,>=4.34.0->sentence-transformers<3.0.0,>=2.2.2->-r /Users/yousafzahir/Documents/GitHub/Grimoire/backend/requirements.txt (line 3)) (2.5.0)
Requirement already satisfied: certifi>=2017.4.17 in ./backend/venv/lib/python3.13/site-packages (from requests->transformers<5.0.0,>=4.34.0->sentence-transformers<3.0.0,>=2.2.2->-r /Users/yousafzahir/Documents/GitHub/Grimoire/backend/requirements.txt (line 3)) (2025.11.12)
Requirement already satisfied: joblib>=1.2.0 in ./backend/venv/lib/python3.13/site-packages (from scikit-learn->sentence-transformers<3.0.0,>=2.2.2->-r /Users/yousafzahir/Documents/GitHub/Grimoire/backend/requirements.txt (line 3)) (1.5.2)
Requirement already satisfied: threadpoolctl>=3.1.0 in ./backend/venv/lib/python3.13/site-packages (from scikit-learn->sentence-transformers<3.0.0,>=2.2.2->-r /Users/yousafzahir/Documents/GitHub/Grimoire/backend/requirements.txt (line 3)) (3.6.0)
All critical imports successful
Testing model loading...
Attempting to load sentence-transformers model: all-MiniLM-L6-v2
✓ Imported SentenceTransformer
✓ Created SentenceTransformer instance
✓ Model loaded successfully. Embedding dimension: 384
Model is ready
